<?xml version="1.0" encoding="UTF-8"?>
<testsuite name="Proceso Judicial" tests="1" skipped="0" failures="0" errors="0" timestamp="2019-11-07T03:01:22" hostname="CA-SMITH-X11200.corp.smith.co" time="13.522">
  <properties/>
  <testcase name="Consultar el proceso judicial 0000000000" classname="Proceso Judicial" time="13.522"/>
  <system-out><![CDATA[]]></system-out>
  <system-err><![CDATA[Nov 06, 2019 10:01:23 PM org.openqa.selenium.remote.DesiredCapabilities chrome
INFO: Using `new ChromeOptions()` is preferred to `DesiredCapabilities.chrome()`
Starting ChromeDriver 78.0.3904.70 (edb9c9f3de0247fd912a77b7f6cae7447f6d3ad5-refs/branch-heads/3904@{#800}) on port 13745
Only local connections are allowed.
Please protect ports used by ChromeDriver and related test frameworks to prevent access by malicious code.
Nov 06, 2019 10:01:27 PM org.openqa.selenium.remote.ProtocolHandshake createSession
INFO: Detected dialect: W3C
]]></system-err>
</testsuite>
