<?xml version="1.0" encoding="UTF-8"?>
<testsuite name="Proceso Judicial" tests="1" skipped="1" failures="0" errors="0" timestamp="2019-10-31T01:56:31" hostname="Daniel-Correa.local" time="5.95">
  <properties/>
  <testcase name="Consultar el proceso judicial 0000000000" classname="Proceso Judicial" time="5.95">
    <skipped/>
  </testcase>
  <system-out><![CDATA[]]></system-out>
  <system-err><![CDATA[Oct 30, 2019 8:56:31 PM org.openqa.selenium.remote.DesiredCapabilities chrome
INFO: Using `new ChromeOptions()` is preferred to `DesiredCapabilities.chrome()`
Starting ChromeDriver 78.0.3904.70 (edb9c9f3de0247fd912a77b7f6cae7447f6d3ad5-refs/branch-heads/3904@{#800}) on port 7419
Only local connections are allowed.
Please protect ports used by ChromeDriver and related test frameworks to prevent access by malicious code.
Oct 30, 2019 8:56:33 PM org.openqa.selenium.remote.ProtocolHandshake createSession
INFO: Detected dialect: W3C
]]></system-err>
</testsuite>
