<?xml version="1.0" encoding="UTF-8"?>
<testsuite name="co.udem.automatizacion.runners.ConsultarProcesosRunner" tests="0" skipped="0" failures="0" errors="0" timestamp="1970-01-01T00:00:00" hostname="Daniel-Correa.local" time="0.0">
  <properties/>
  <system-out><![CDATA[Característica: Proceso Judicial
    David como ciudadano
    Quiere consultar sus procesos judiciales
    Para ver los avances de su proceso judicial

  Escenario: Consultar el proceso judicial 0000000000                                                                                   ?[90m# src/test/resources/features/consultar_procesos.feature:9?[0m
    ?[32mDado ?[0m?[32mque "?[0m?[32m?[1mDavid?[0m?[32m" esta consultando el proceso judicial?[0m                                                                               ?[90m# ConsultaProcesosSteps.consultarProcesoJudicial(String)?[0m
    ?[33mCuando ?[0m?[33mselecciona Ciudad "?[0m?[33m?[1mMEDELLIN?[0m?[33m", entidad "?[0m?[33m?[1mTRIBUNAL ADMINIOSTRATIVO DE ANTIOQUIA (ESCRITURAL)?[0m?[33m" y numero de radicado "?[0m?[33m?[1m0000000000?[0m?[33m"?[0m ?[90m# ConsultaProcesosSteps.ingresarCiudadEntidadRadicado(String,String,String)?[0m
      ?[33mcucumber.api.PendingException: TODO: implement me
	at co.udem.automatizacion.stepdefinitions.ConsultaProcesosSteps.ingresarCiudadEntidadRadicado(ConsultaProcesosSteps.java:41)
	at ✽.selecciona Ciudad "MEDELLIN", entidad "TRIBUNAL ADMINIOSTRATIVO DE ANTIOQUIA (ESCRITURAL)" y numero de radicado "0000000000"(src/test/resources/features/consultar_procesos.feature:11)
?[0m
    ?[36mEntonces ?[0m?[36mdebe poder activar la consulta?[0m                                                                                             ?[90m# ConsultaProcesosSteps.verificarActivacionConsulta()?[0m

?[33mPending scenarios:?[0m
?[33msrc/test/resources/features/consultar_procesos.feature:9 ?[0m# Consultar el proceso judicial 0000000000

1 Scenarios (?[33m1 pending?[0m)
3 Steps (?[36m1 skipped?[0m, ?[33m1 pending?[0m, ?[32m1 passed?[0m)
0m6.356s

cucumber.api.PendingException: TODO: implement me
	at co.udem.automatizacion.stepdefinitions.ConsultaProcesosSteps.ingresarCiudadEntidadRadicado(ConsultaProcesosSteps.java:41)
	at ✽.selecciona Ciudad "MEDELLIN", entidad "TRIBUNAL ADMINIOSTRATIVO DE ANTIOQUIA (ESCRITURAL)" y numero de radicado "0000000000"(src/test/resources/features/consultar_procesos.feature:11)

]]></system-out>
  <system-err><![CDATA[SLF4J: Failed to load class "org.slf4j.impl.StaticLoggerBinder".
SLF4J: Defaulting to no-operation (NOP) logger implementation
SLF4J: See http://www.slf4j.org/codes.html#StaticLoggerBinder for further details.
]]></system-err>
</testsuite>
